#
# A fatal error has been detected by the Java Runtime Environment:
#
#  EXCEPTION_ACCESS_VIOLATION (0xc0000005) at pc=0x0000000051ce8e9b, pid=4616, tid=5280
#
# JRE version: Java(TM) SE Runtime Environment (7.0_80-b15) (build 1.7.0_80-b15)
# Java VM: Java HotSpot(TM) 64-Bit Server VM (24.80-b11 mixed mode windows-amd64 compressed oops)
# Problematic frame:
# V  [jvm.dll+0x138e9b]
#
# Failed to write core dump. Minidumps are not enabled by default on client versions of Windows
#
# If you would like to submit a bug report, please visit:
#   http://bugreport.java.com/bugreport/crash.jsp
#

---------------  T H R E A D  ---------------

Current thread (0x000000000a25e000):  JavaThread "JavaFX-Launcher" [_thread_in_vm, id=5280, stack(0x000000000a7d0000,0x000000000a8d0000)]

siginfo: ExceptionCode=0xc0000005, reading address 0x0000000000000000

Registers:
RAX=0x0000000000000000, RBX=0x000000000a25e000, RCX=0x0000000000000e00, RDX=0x00000000086b8d78
RSP=0x000000000a8cec40, RBP=0x000000000a8ced28, RSI=0x0000000000000000, RDI=0x000000000a25e1e8
R8 =0x0000000000000000, R9 =0x000000000a8ced28, R10=0x00000000eb3618e0, R11=0x000000000a8cecf0
R12=0x0000000000000000, R13=0x00000000bca1d1f8, R14=0x000000000a8cedf0, R15=0x000000000a25e000
RIP=0x0000000051ce8e9b, EFLAGS=0x0000000000010246

Top of Stack: (sp=0x000000000a8cec40)
0x000000000a8cec40:   0000000000000001 00000000086dc710
0x000000000a8cec50:   000000000a25e1e8 0000000000000001
0x000000000a8cec60:   000000000a25e000 0000000056d2ac00
0x000000000a8cec70:   000000000a345300 0000000051cd0b8a
0x000000000a8cec80:   000000000a25e000 0000000000000000
0x000000000a8cec90:   00000000086dc700 000000000a8cedf0
0x000000000a8ceca0:   0000000000000000 0000000000000001
0x000000000a8cecb0:   0000ed7dca20d71a 0000000000000000
0x000000000a8cecc0:   00000000bca1d1f8 000000000a25e1e8
0x000000000a8cecd0:   00000000086b8d70 0000000056d1635c
0x000000000a8cece0:   000000000a25e1e8 000000000a8cedd8
0x000000000a8cecf0:   00000000086b8d78 000000000a25e000
0x000000000a8ced00:   00000000086b8d70 0000000056d1eb28
0x000000000a8ced10:   000000000a25e1e8 000000000a8cedd8
0x000000000a8ced20:   0000000000000000 00000000086b8d70
0x000000000a8ced30:   000000000a8cede8 0000000056d0a79f 

Instructions: (pc=0x0000000051ce8e9b)
0x0000000051ce8e7b:   00 48 83 7b 08 00 48 89 5c 24 40 48 c7 44 24 48
0x0000000051ce8e8b:   00 00 00 00 74 0a 48 8d 4c 24 40 e8 75 7b 0f 00
0x0000000051ce8e9b:   48 8b 06 c7 44 24 30 0e 00 00 00 48 8b 48 10 0f
0x0000000051ce8eab:   b7 51 3a 48 8b 49 20 e8 79 de ed ff 48 8d 4c 24 


Register to memory mapping:

RAX=0x0000000000000000 is an unknown value
RBX=0x000000000a25e000 is a thread
RCX=0x0000000000000e00 is an unknown value
RDX=0x00000000086b8d78 is an unknown value
RSP=0x000000000a8cec40 is pointing into the stack for thread: 0x000000000a25e000
RBP=0x000000000a8ced28 is pointing into the stack for thread: 0x000000000a25e000
RSI=0x0000000000000000 is an unknown value
RDI=0x000000000a25e1e8 is an unknown value
R8 =0x0000000000000000 is an unknown value
R9 =0x000000000a8ced28 is pointing into the stack for thread: 0x000000000a25e000
R10=0x00000000eb3618e0 is an oop
sun.misc.Launcher$AppClassLoader 
 - klass: 'sun/misc/Launcher$AppClassLoader'
R11=0x000000000a8cecf0 is pointing into the stack for thread: 0x000000000a25e000
R12=0x0000000000000000 is an unknown value
R13=0x00000000bca1d1f8 is an oop
{method} 
 - klass: {other class}
R14=0x000000000a8cedf0 is pointing into the stack for thread: 0x000000000a25e000
R15=0x000000000a25e000 is a thread


Stack: [0x000000000a7d0000,0x000000000a8d0000],  sp=0x000000000a8cec40,  free space=1019k
Native frames: (J=compiled Java code, j=interpreted, Vv=VM code, C=native code)
V  [jvm.dll+0x138e9b]

Java frames: (J=compiled Java code, j=interpreted, Vv=VM code)
j  com.sun.glass.ui.win.WinApplication.initIDs()V+0
j  com.sun.glass.ui.win.WinApplication.<clinit>()V+11
v  ~StubRoutines::call_stub
j  com.sun.glass.ui.win.WinPlatformFactory.createApplication()Lcom/sun/glass/ui/win/WinApplication;+0
j  com.sun.glass.ui.win.WinPlatformFactory.createApplication()Lcom/sun/glass/ui/Application;+1
j  com.sun.glass.ui.Application.Run([Ljava/lang/String;Lcom/sun/glass/ui/Launchable;)V+6
j  com.sun.javafx.tk.quantum.QuantumToolkit.startup(Ljava/lang/Runnable;)V+17
j  com.sun.javafx.application.PlatformImpl.startup(Ljava/lang/Runnable;)V+81
j  com.sun.javafx.application.LauncherImpl.launchApplication1(Ljava/lang/Class;Ljava/lang/Class;[Ljava/lang/String;)V+26
j  com.sun.javafx.application.LauncherImpl.access$000(Ljava/lang/Class;Ljava/lang/Class;[Ljava/lang/String;)V+3
j  com.sun.javafx.application.LauncherImpl$1.run()V+12
j  java.lang.Thread.run()V+11
v  ~StubRoutines::call_stub

---------------  P R O C E S S  ---------------

Java Threads: ( => current thread )
  0x000000000a3a6000 JavaThread "Disposer" daemon [_thread_blocked, id=9104, stack(0x000000000a900000,0x000000000aa00000)]
  0x000000000a2b8800 JavaThread "QuantumRenderer-0" daemon [_thread_blocked, id=8336, stack(0x000000000ab50000,0x000000000ac50000)]
=>0x000000000a25e000 JavaThread "JavaFX-Launcher" [_thread_in_vm, id=5280, stack(0x000000000a7d0000,0x000000000a8d0000)]
  0x000000000a1ec800 JavaThread "Service Thread" daemon [_thread_blocked, id=8152, stack(0x0000000009c20000,0x0000000009d20000)]
  0x000000000a1e3800 JavaThread "C2 CompilerThread1" daemon [_thread_blocked, id=8440, stack(0x00000000099b0000,0x0000000009ab0000)]
  0x00000000086dd000 JavaThread "C2 CompilerThread0" daemon [_thread_blocked, id=8344, stack(0x000000000a0e0000,0x000000000a1e0000)]
  0x00000000086bc000 JavaThread "Attach Listener" daemon [_thread_blocked, id=8572, stack(0x0000000009f30000,0x000000000a030000)]
  0x00000000086bb000 JavaThread "Signal Dispatcher" daemon [_thread_blocked, id=6100, stack(0x0000000009d20000,0x0000000009e20000)]
  0x0000000008668000 JavaThread "Finalizer" daemon [_thread_blocked, id=9144, stack(0x0000000009ae0000,0x0000000009be0000)]
  0x0000000008661000 JavaThread "Reference Handler" daemon [_thread_blocked, id=5360, stack(0x0000000009730000,0x0000000009830000)]
  0x000000000249e000 JavaThread "main" [_thread_blocked, id=7676, stack(0x0000000002550000,0x0000000002650000)]

Other Threads:
  0x000000000865d000 VMThread [stack: 0x0000000009870000,0x0000000009970000] [id=9024]
  0x000000000a1f5800 WatcherThread [stack: 0x000000000a6a0000,0x000000000a7a0000] [id=8708]

VM state:not at safepoint (normal execution)

VM Mutex/Monitor currently owned by a thread: None

Heap
 PSYoungGen      total 18944K, used 4605K [0x00000000eb280000, 0x00000000ec780000, 0x0000000100000000)
  eden space 16384K, 28% used [0x00000000eb280000,0x00000000eb6ff4b8,0x00000000ec280000)
  from space 2560K, 0% used [0x00000000ec500000,0x00000000ec500000,0x00000000ec780000)
  to   space 2560K, 0% used [0x00000000ec280000,0x00000000ec280000,0x00000000ec500000)
 ParOldGen       total 42496K, used 0K [0x00000000c1800000, 0x00000000c4180000, 0x00000000eb280000)
  object space 42496K, 0% used [0x00000000c1800000,0x00000000c1800000,0x00000000c4180000)
 PSPermGen       total 21504K, used 4349K [0x00000000bc600000, 0x00000000bdb00000, 0x00000000c1800000)
  object space 21504K, 20% used [0x00000000bc600000,0x00000000bca3f480,0x00000000bdb00000)

Card table byte_map: [0x00000000057d0000,0x00000000059f0000] byte_map_base: 0x00000000051ed000

Polling page: 0x0000000000330000

Code Cache  [0x0000000002710000, 0x0000000002980000, 0x0000000005710000)
 total_blobs=239 nmethods=16 adapters=176 free_code_cache=48723Kb largest_free_block=49880064

Compilation events (10 events):
Event: 0.128 Thread 0x00000000086dd000 nmethod 10 0x0000000002775b90 code [0x0000000002775ce0, 0x0000000002775ed8]
Event: 0.128 Thread 0x000000000a1e3800 nmethod 11 0x0000000002777710 code [0x0000000002777840, 0x0000000002777898]
Event: 0.144 Thread 0x00000000086dd000   12             sun.net.www.ParseUtil::encodePath (336 bytes)
Event: 0.150 Thread 0x000000000a1e3800   13             sun.nio.cs.UTF_8$Encoder::encode (361 bytes)
Event: 0.153 Thread 0x000000000a1e3800 nmethod 13 0x0000000002774ed0 code [0x0000000002775020, 0x0000000002775258]
Event: 0.154 Thread 0x00000000086dd000 nmethod 12 0x000000000277a2d0 code [0x000000000277a460, 0x000000000277aad8]
Event: 0.159 Thread 0x000000000a1e3800   14             java.lang.Object::<init> (1 bytes)
Event: 0.160 Thread 0x000000000a1e3800 nmethod 14 0x0000000002779a50 code [0x0000000002779b80, 0x0000000002779bf8]
Event: 0.162 Thread 0x00000000086dd000   15             java.io.Win32FileSystem::normalize (143 bytes)
Event: 0.169 Thread 0x00000000086dd000 nmethod 15 0x0000000002774790 code [0x00000000027748e0, 0x0000000002774c68]

GC Heap History (0 events):
No events

Deoptimization events (1 events):
Event: 0.113 Thread 0x000000000a25e000 Uncommon trap: reason=unstable_if action=reinterpret pc=0x00000000027705fc method=java.lang.String.indexOf([CII[CIII)I @ 123

Internal exceptions (10 events):
Event: 0.185 Thread 0x000000000a25e000 Threw 0x00000000eb6a1888 at C:\re\jdk7u80\2329\hotspot\src\share\vm\prims\jvm.cpp:1319
Event: 0.185 Thread 0x000000000a25e000 Threw 0x00000000eb6a5680 at C:\re\jdk7u80\2329\hotspot\src\share\vm\prims\jvm.cpp:1319
Event: 0.185 Thread 0x000000000a25e000 Threw 0x00000000eb6a7b60 at C:\re\jdk7u80\2329\hotspot\src\share\vm\prims\jvm.cpp:1319
Event: 0.186 Thread 0x000000000a25e000 Threw 0x00000000eb6aa6d0 at C:\re\jdk7u80\2329\hotspot\src\share\vm\prims\jvm.cpp:1319
Event: 0.186 Thread 0x000000000a25e000 Threw 0x00000000eb6acc28 at C:\re\jdk7u80\2329\hotspot\src\share\vm\prims\jvm.cpp:1319
Event: 0.186 Thread 0x000000000a25e000 Threw 0x00000000eb6af5d8 at C:\re\jdk7u80\2329\hotspot\src\share\vm\prims\jvm.cpp:1319
Event: 0.186 Thread 0x000000000a25e000 Threw 0x00000000eb6b1ac8 at C:\re\jdk7u80\2329\hotspot\src\share\vm\prims\jvm.cpp:1319
Event: 0.187 Thread 0x000000000a25e000 Threw 0x00000000eb6b4090 at C:\re\jdk7u80\2329\hotspot\src\share\vm\prims\jvm.cpp:1319
Event: 0.187 Thread 0x000000000a25e000 Threw 0x00000000eb6b82d8 at C:\re\jdk7u80\2329\hotspot\src\share\vm\prims\jvm.cpp:1319
Event: 0.190 Thread 0x000000000a25e000 Threw 0x00000000eb6c0700 at C:\re\jdk7u80\2329\hotspot\src\share\vm\prims\jni.cpp:1598

Events (10 events):
Event: 0.186 loading class 0x000000000a3453c0
Event: 0.186 loading class 0x000000000a3453c0 done
Event: 0.186 loading class 0x000000000a3d67d0
Event: 0.186 loading class 0x000000000a3d67d0 done
Event: 0.186 loading class 0x000000000a3d9860
Event: 0.186 loading class 0x000000000a3d9860 done
Event: 0.187 loading class 0x000000000a3d8820
Event: 0.187 loading class 0x000000000a3d8820 done
Event: 0.187 loading class 0x000000000a3d94e0
Event: 0.187 loading class 0x000000000a3d94e0 done


Dynamic libraries:
0x000000013f0a0000 - 0x000000013f0d3000 	C:\Program Files\Java\jdk1.7.0_80\bin\javaw.exe
0x0000000077ac0000 - 0x0000000077c6a000 	C:\windows\SYSTEM32\ntdll.dll
0x00000000778a0000 - 0x00000000779bf000 	C:\windows\system32\kernel32.dll
0x000007fefd9f0000 - 0x000007fefda5b000 	C:\windows\system32\KERNELBASE.dll
0x000007fefe750000 - 0x000007fefe82b000 	C:\windows\system32\ADVAPI32.dll
0x000007fefe3d0000 - 0x000007fefe46f000 	C:\windows\system32\msvcrt.dll
0x000007fefe2c0000 - 0x000007fefe2df000 	C:\windows\SYSTEM32\sechost.dll
0x000007fefe830000 - 0x000007fefe95d000 	C:\windows\system32\RPCRT4.dll
0x00000000779c0000 - 0x0000000077aba000 	C:\windows\system32\USER32.dll
0x000007fefded0000 - 0x000007fefdf37000 	C:\windows\system32\GDI32.dll
0x000007fefebf0000 - 0x000007fefebfe000 	C:\windows\system32\LPK.dll
0x000007fefdfe0000 - 0x000007fefe0aa000 	C:\windows\system32\USP10.dll
0x000007fefc0e0000 - 0x000007fefc2d4000 	C:\windows\WinSxS\amd64_microsoft.windows.common-controls_6595b64144ccf1df_6.0.7601.18837_none_fa3b1e3d17594757\COMCTL32.dll
0x000007fefec00000 - 0x000007fefec71000 	C:\windows\system32\SHLWAPI.dll
0x000007feffc90000 - 0x000007feffcbe000 	C:\windows\system32\IMM32.DLL
0x000007feffcc0000 - 0x000007feffdc9000 	C:\windows\system32\MSCTF.dll
0x000007fefd770000 - 0x000007fefd7a2000 	C:\windows\system32\nvinitx.dll
0x000007fefd760000 - 0x000007fefd76c000 	C:\windows\system32\VERSION.dll
0x000000000f000000 - 0x000000000f006000 	C:\Program Files\NVIDIA Corporation\CoProcManager\detoured.dll
0x000007fef9cb0000 - 0x000007fef9ce2000 	C:\Program Files\NVIDIA Corporation\CoProcManager\nvd3d9wrapx.dll
0x000007fefed00000 - 0x000007fefeed7000 	C:\windows\system32\SETUPAPI.dll
0x000007fefdad0000 - 0x000007fefdb06000 	C:\windows\system32\CFGMGR32.dll
0x000007fefe2f0000 - 0x000007fefe3c8000 	C:\windows\system32\OLEAUT32.dll
0x000007fefe0b0000 - 0x000007fefe2b3000 	C:\windows\system32\ole32.dll
0x000007fefdab0000 - 0x000007fefdaca000 	C:\windows\system32\DEVOBJ.dll
0x000007fef9b20000 - 0x000007fef9b42000 	C:\Program Files\NVIDIA Corporation\CoProcManager\nvdxgiwrapx.dll
0x0000000055300000 - 0x00000000553d2000 	C:\Program Files\Java\jdk1.7.0_80\jre\bin\msvcr100.dll
0x0000000051bb0000 - 0x0000000052389000 	C:\Program Files\Java\jdk1.7.0_80\jre\bin\server\jvm.dll
0x000007fef55a0000 - 0x000007fef55a9000 	C:\windows\system32\WSOCK32.dll
0x000007fefe700000 - 0x000007fefe74d000 	C:\windows\system32\WS2_32.dll
0x000007fefe2e0000 - 0x000007fefe2e8000 	C:\windows\system32\NSI.dll
0x000007fefa0f0000 - 0x000007fefa12b000 	C:\windows\system32\WINMM.dll
0x0000000077c80000 - 0x0000000077c87000 	C:\windows\system32\PSAPI.DLL
0x0000000060cf0000 - 0x0000000060cff000 	C:\Program Files\Java\jdk1.7.0_80\jre\bin\verify.dll
0x0000000056cd0000 - 0x0000000056cf8000 	C:\Program Files\Java\jdk1.7.0_80\jre\bin\java.dll
0x0000000058510000 - 0x0000000058526000 	C:\Program Files\Java\jdk1.7.0_80\jre\bin\zip.dll
0x0000000056d50000 - 0x0000000056e22000 	C:\Program Files\Java\jdk1.7.0_80\bin\msvcr100.dll
0x0000000060ce0000 - 0x0000000060cef000 	C:\Program Files\Java\jdk1.7.0_80\jre\bin\prism-d3d.dll
0x000007feefe80000 - 0x000007fef007f000 	C:\windows\system32\d3d9.dll
0x000007fef4010000 - 0x000007fef4017000 	C:\windows\system32\d3d8thk.dll
0x000007fefb890000 - 0x000007fefb8a8000 	C:\windows\system32\dwmapi.dll
0x000007fefbfb0000 - 0x000007fefc006000 	C:\windows\system32\uxtheme.dll
0x000007fef9770000 - 0x000007fef986e000 	C:\windows\system32\nvumdshimx.dll
0x000007fee3df0000 - 0x000007fee5589000 	C:\windows\system32\igdumdim64.dll
0x0000000056d00000 - 0x0000000056d43000 	C:\Program Files\Java\jre1.8.0_77\bin\glass.dll
0x000007fefeb50000 - 0x000007fefebe7000 	C:\windows\system32\COMDLG32.dll
0x000007fefeee0000 - 0x000007feffc69000 	C:\windows\system32\SHELL32.dll
0x000007fef1c00000 - 0x000007fef1ca6000 	C:\windows\system32\MSVCP120.dll
0x000007feefb20000 - 0x000007feefc0f000 	C:\windows\system32\MSVCR120.dll
0x000007fef44c0000 - 0x000007fef45e5000 	C:\windows\system32\dbghelp.dll

VM Arguments:
jvm_args: -Dfile.encoding=GBK 
java_command: main.Calculator
Launcher Type: SUN_STANDARD

Environment Variables:
JAVA_HOME=C:\Program Files\Java\jdk1.8.0_77
CLASSPATH=.;C:\Program Files\Java\jdk1.8.0_77\lib\dt.jar;C:\Program Files\Java\jdk1.8.0_77\lib\tools.jar;c:\Program Files (x86)\QuickTime\QTSystem\QTJava.zip;C:\Program Files\JMF2.1.1e\lib\sound.jar;C:\Program Files\JMF2.1.1e\lib\jmf.jar;
PATH=C:/Program Files/Java/jre1.8.0_77/bin/server;C:/Program Files/Java/jre1.8.0_77/bin;C:/Program Files/Java/jre1.8.0_77/lib/amd64;C:\ProgramData\Oracle\Java\javapath;C:\maven\apache-maven-3.3.9\bin;E:\software\mysql-5.6.24-win32.1432006610\mysql-5.6.24-win32\bin;C:\Program Files\JMF2.1.1e\bin;C:\Program Files\Java\jdk1.8.0_77\bin;C:\Program Files\Java\jdk1.8.0_77\jre\bin;C:\Program Files (x86)\NVIDIA Corporation\PhysX\Common;C:\windows\system32;C:\windows;C:\windows\System32\Wbem;C:\windows\System32\WindowsPowerShell\v1.0\;c:\Program Files (x86)\QuickTime\QTSystem\;D:\用户目录\下载\eclipse-jee-mars-1-win32-x86_64\eclipse;
USERNAME=Administrator
OS=Windows_NT
PROCESSOR_IDENTIFIER=Intel64 Family 6 Model 61 Stepping 4, GenuineIntel



---------------  S Y S T E M  ---------------

OS: Windows 7 , 64 bit Build 7601 Service Pack 1

CPU:total 4 (2 cores per cpu, 2 threads per core) family 6 model 61 stepping 4, cmov, cx8, fxsr, mmx, sse, sse2, sse3, ssse3, sse4.1, sse4.2, popcnt, avx, avx2, aes, erms, ht, tsc, tscinvbit

Memory: 4k page, physical 4091300k(1011212k free), swap 8180764k(2191880k free)

vm_info: Java HotSpot(TM) 64-Bit Server VM (24.80-b11) for windows-amd64 JRE (1.7.0_80-b15), built on Apr 10 2015 11:26:34 by "java_re" with unknown MS VC++:1600

time: Wed Aug 03 18:54:50 2016
elapsed time: 0 seconds

